

*******************************************************************************
Wed Feb 15 23:38:03 2017


FIT:    data read from 'force.dat' using 1:2
        format = x:z
        #datapoints = 10
        residuals are weighted equally (unit weight)

function used for fitting: f1(x)
	f1(x) = a1*tanh(x/b1)
fitted parameters initialized with current variable values

iter      chisq       delta/lim  lambda   a1            b1           
   0 6.7433924422e+04   0.00e+00  1.54e+02    3.000000e+02   5.000000e-03
   6 3.0247481447e+03  -2.72e-01  1.54e-04    3.086791e+02   2.266401e-03

After 6 iterations the fit converged.
final sum of squares of residuals : 3024.75
rel. change during last iteration : -2.71911e-06

degrees of freedom    (FIT_NDF)                        : 8
rms of residuals      (FIT_STDFIT) = sqrt(WSSR/ndf)    : 19.4446
variance of residuals (reduced chisquare) = WSSR/ndf   : 378.094

Final set of parameters            Asymptotic Standard Error
=======================            ==========================
a1              = 308.679          +/- 10.62        (3.441%)
b1              = 0.0022664        +/- 0.0002619    (11.55%)

correlation matrix of the fit parameters:
                a1     b1     
a1              1.000 
b1              0.719  1.000 


*******************************************************************************
Wed Feb 15 23:38:03 2017


FIT:    data read from 'force.dat' using 1:3
        format = x:z
        #datapoints = 10
        residuals are weighted equally (unit weight)

function used for fitting: f2(x)
	f2(x) = a2 * tanh(x/b2)
fitted parameters initialized with current variable values

iter      chisq       delta/lim  lambda   a2            b2           
   0 5.6123750325e+03   0.00e+00  1.54e+02    3.000000e+02   5.000000e-03
   5 2.4556844712e+03  -9.77e-01  1.54e-03    2.598984e+02   4.155490e-03

After 5 iterations the fit converged.
final sum of squares of residuals : 2455.68
rel. change during last iteration : -9.76557e-06

degrees of freedom    (FIT_NDF)                        : 8
rms of residuals      (FIT_STDFIT) = sqrt(WSSR/ndf)    : 17.5203
variance of residuals (reduced chisquare) = WSSR/ndf   : 306.961

Final set of parameters            Asymptotic Standard Error
=======================            ==========================
a2              = 259.898          +/- 12.82        (4.933%)
b2              = 0.00415549       +/- 0.0004297    (10.34%)

correlation matrix of the fit parameters:
                a2     b2     
a2              1.000 
b2              0.783  1.000 


*******************************************************************************
Wed Feb 15 23:38:43 2017


FIT:    data read from 'force.dat' using 1:2
        format = x:z
        #datapoints = 10
        residuals are weighted equally (unit weight)

function used for fitting: f1(x)
	f1(x) = a1*tanh(x/b1)
fitted parameters initialized with current variable values

iter      chisq       delta/lim  lambda   a1            b1           
   0 6.7433924422e+04   0.00e+00  1.54e+02    3.000000e+02   5.000000e-03
   6 3.0247481447e+03  -2.72e-01  1.54e-04    3.086791e+02   2.266401e-03

After 6 iterations the fit converged.
final sum of squares of residuals : 3024.75
rel. change during last iteration : -2.71911e-06

degrees of freedom    (FIT_NDF)                        : 8
rms of residuals      (FIT_STDFIT) = sqrt(WSSR/ndf)    : 19.4446
variance of residuals (reduced chisquare) = WSSR/ndf   : 378.094

Final set of parameters            Asymptotic Standard Error
=======================            ==========================
a1              = 308.679          +/- 10.62        (3.441%)
b1              = 0.0022664        +/- 0.0002619    (11.55%)

correlation matrix of the fit parameters:
                a1     b1     
a1              1.000 
b1              0.719  1.000 


*******************************************************************************
Wed Feb 15 23:38:43 2017


FIT:    data read from 'force.dat' using 1:3
        format = x:z
        #datapoints = 10
        residuals are weighted equally (unit weight)

function used for fitting: f2(x)
	f2(x) = a2 * tanh(x/b2)
fitted parameters initialized with current variable values

iter      chisq       delta/lim  lambda   a2            b2           
   0 5.6123750325e+03   0.00e+00  1.54e+02    3.000000e+02   5.000000e-03
   5 2.4556844712e+03  -9.77e-01  1.54e-03    2.598984e+02   4.155490e-03

After 5 iterations the fit converged.
final sum of squares of residuals : 2455.68
rel. change during last iteration : -9.76557e-06

degrees of freedom    (FIT_NDF)                        : 8
rms of residuals      (FIT_STDFIT) = sqrt(WSSR/ndf)    : 17.5203
variance of residuals (reduced chisquare) = WSSR/ndf   : 306.961

Final set of parameters            Asymptotic Standard Error
=======================            ==========================
a2              = 259.898          +/- 12.82        (4.933%)
b2              = 0.00415549       +/- 0.0004297    (10.34%)

correlation matrix of the fit parameters:
                a2     b2     
a2              1.000 
b2              0.783  1.000 


*******************************************************************************
Wed Feb 15 23:39:47 2017


FIT:    data read from 'force.dat' using 1:2
        format = x:z
        #datapoints = 10
        residuals are weighted equally (unit weight)

function used for fitting: f1(x)
	f1(x) = a1*tanh(x/b1)
fitted parameters initialized with current variable values

iter      chisq       delta/lim  lambda   a1            b1           
   0 6.7433924422e+04   0.00e+00  1.54e+02    3.000000e+02   5.000000e-03
   6 3.0247481447e+03  -2.72e-01  1.54e-04    3.086791e+02   2.266401e-03

After 6 iterations the fit converged.
final sum of squares of residuals : 3024.75
rel. change during last iteration : -2.71911e-06

degrees of freedom    (FIT_NDF)                        : 8
rms of residuals      (FIT_STDFIT) = sqrt(WSSR/ndf)    : 19.4446
variance of residuals (reduced chisquare) = WSSR/ndf   : 378.094

Final set of parameters            Asymptotic Standard Error
=======================            ==========================
a1              = 308.679          +/- 10.62        (3.441%)
b1              = 0.0022664        +/- 0.0002619    (11.55%)

correlation matrix of the fit parameters:
                a1     b1     
a1              1.000 
b1              0.719  1.000 


*******************************************************************************
Wed Feb 15 23:39:47 2017


FIT:    data read from 'force.dat' using 1:3
        format = x:z
        #datapoints = 10
        residuals are weighted equally (unit weight)

function used for fitting: f2(x)
	f2(x) = a2 * tanh(x/b2)
fitted parameters initialized with current variable values

iter      chisq       delta/lim  lambda   a2            b2           
   0 5.6123750325e+03   0.00e+00  1.54e+02    3.000000e+02   5.000000e-03
   5 2.4556844712e+03  -9.77e-01  1.54e-03    2.598984e+02   4.155490e-03

After 5 iterations the fit converged.
final sum of squares of residuals : 2455.68
rel. change during last iteration : -9.76557e-06

degrees of freedom    (FIT_NDF)                        : 8
rms of residuals      (FIT_STDFIT) = sqrt(WSSR/ndf)    : 17.5203
variance of residuals (reduced chisquare) = WSSR/ndf   : 306.961

Final set of parameters            Asymptotic Standard Error
=======================            ==========================
a2              = 259.898          +/- 12.82        (4.933%)
b2              = 0.00415549       +/- 0.0004297    (10.34%)

correlation matrix of the fit parameters:
                a2     b2     
a2              1.000 
b2              0.783  1.000 


*******************************************************************************
Wed Feb 15 23:39:59 2017


FIT:    data read from 'force.dat' using 1:2
        format = x:z
        #datapoints = 10
        residuals are weighted equally (unit weight)

function used for fitting: f1(x)
	f1(x) = a1*tanh(x/b1)
fitted parameters initialized with current variable values

iter      chisq       delta/lim  lambda   a1            b1           
   0 6.7433924422e+04   0.00e+00  1.54e+02    3.000000e+02   5.000000e-03
   6 3.0247481447e+03  -2.72e-01  1.54e-04    3.086791e+02   2.266401e-03

After 6 iterations the fit converged.
final sum of squares of residuals : 3024.75
rel. change during last iteration : -2.71911e-06

degrees of freedom    (FIT_NDF)                        : 8
rms of residuals      (FIT_STDFIT) = sqrt(WSSR/ndf)    : 19.4446
variance of residuals (reduced chisquare) = WSSR/ndf   : 378.094

Final set of parameters            Asymptotic Standard Error
=======================            ==========================
a1              = 308.679          +/- 10.62        (3.441%)
b1              = 0.0022664        +/- 0.0002619    (11.55%)

correlation matrix of the fit parameters:
                a1     b1     
a1              1.000 
b1              0.719  1.000 


*******************************************************************************
Wed Feb 15 23:39:59 2017


FIT:    data read from 'force.dat' using 1:3
        format = x:z
        #datapoints = 10
        residuals are weighted equally (unit weight)

function used for fitting: f2(x)
	f2(x) = a2 * tanh(x/b2)
fitted parameters initialized with current variable values

iter      chisq       delta/lim  lambda   a2            b2           
   0 5.6123750325e+03   0.00e+00  1.54e+02    3.000000e+02   5.000000e-03
   5 2.4556844712e+03  -9.77e-01  1.54e-03    2.598984e+02   4.155490e-03

After 5 iterations the fit converged.
final sum of squares of residuals : 2455.68
rel. change during last iteration : -9.76557e-06

degrees of freedom    (FIT_NDF)                        : 8
rms of residuals      (FIT_STDFIT) = sqrt(WSSR/ndf)    : 17.5203
variance of residuals (reduced chisquare) = WSSR/ndf   : 306.961

Final set of parameters            Asymptotic Standard Error
=======================            ==========================
a2              = 259.898          +/- 12.82        (4.933%)
b2              = 0.00415549       +/- 0.0004297    (10.34%)

correlation matrix of the fit parameters:
                a2     b2     
a2              1.000 
b2              0.783  1.000 


*******************************************************************************
Wed Feb 15 23:41:37 2017


FIT:    data read from 'force.dat' using 1:2
        format = x:z
        #datapoints = 10
        residuals are weighted equally (unit weight)

function used for fitting: f1(x)
	f1(x) = a1*tanh(x/b1)
fitted parameters initialized with current variable values

iter      chisq       delta/lim  lambda   a1            b1           
   0 6.7433924422e+04   0.00e+00  1.54e+02    3.000000e+02   5.000000e-03
   6 3.0247481447e+03  -2.72e-01  1.54e-04    3.086791e+02   2.266401e-03

After 6 iterations the fit converged.
final sum of squares of residuals : 3024.75
rel. change during last iteration : -2.71911e-06

degrees of freedom    (FIT_NDF)                        : 8
rms of residuals      (FIT_STDFIT) = sqrt(WSSR/ndf)    : 19.4446
variance of residuals (reduced chisquare) = WSSR/ndf   : 378.094

Final set of parameters            Asymptotic Standard Error
=======================            ==========================
a1              = 308.679          +/- 10.62        (3.441%)
b1              = 0.0022664        +/- 0.0002619    (11.55%)

correlation matrix of the fit parameters:
                a1     b1     
a1              1.000 
b1              0.719  1.000 


*******************************************************************************
Wed Feb 15 23:41:37 2017


FIT:    data read from 'force.dat' using 1:3
        format = x:z
        #datapoints = 10
        residuals are weighted equally (unit weight)

function used for fitting: f2(x)
	f2(x) = a2 * tanh(x/b2)
fitted parameters initialized with current variable values

iter      chisq       delta/lim  lambda   a2            b2           
   0 5.6123750325e+03   0.00e+00  1.54e+02    3.000000e+02   5.000000e-03
   5 2.4556844712e+03  -9.77e-01  1.54e-03    2.598984e+02   4.155490e-03

After 5 iterations the fit converged.
final sum of squares of residuals : 2455.68
rel. change during last iteration : -9.76557e-06

degrees of freedom    (FIT_NDF)                        : 8
rms of residuals      (FIT_STDFIT) = sqrt(WSSR/ndf)    : 17.5203
variance of residuals (reduced chisquare) = WSSR/ndf   : 306.961

Final set of parameters            Asymptotic Standard Error
=======================            ==========================
a2              = 259.898          +/- 12.82        (4.933%)
b2              = 0.00415549       +/- 0.0004297    (10.34%)

correlation matrix of the fit parameters:
                a2     b2     
a2              1.000 
b2              0.783  1.000 


*******************************************************************************
Wed Feb 15 23:42:59 2017


FIT:    data read from 'force.dat' using 1:2
        format = x:z
        #datapoints = 10
        residuals are weighted equally (unit weight)

function used for fitting: f1(x)
	f1(x) = a1*tanh(x/b1)
fitted parameters initialized with current variable values

iter      chisq       delta/lim  lambda   a1            b1           
   0 6.7433924422e+04   0.00e+00  1.54e+02    3.000000e+02   5.000000e-03
   6 3.0247481447e+03  -2.72e-01  1.54e-04    3.086791e+02   2.266401e-03

After 6 iterations the fit converged.
final sum of squares of residuals : 3024.75
rel. change during last iteration : -2.71911e-06

degrees of freedom    (FIT_NDF)                        : 8
rms of residuals      (FIT_STDFIT) = sqrt(WSSR/ndf)    : 19.4446
variance of residuals (reduced chisquare) = WSSR/ndf   : 378.094

Final set of parameters            Asymptotic Standard Error
=======================            ==========================
a1              = 308.679          +/- 10.62        (3.441%)
b1              = 0.0022664        +/- 0.0002619    (11.55%)

correlation matrix of the fit parameters:
                a1     b1     
a1              1.000 
b1              0.719  1.000 


*******************************************************************************
Wed Feb 15 23:42:59 2017


FIT:    data read from 'force.dat' using 1:3
        format = x:z
        #datapoints = 10
        residuals are weighted equally (unit weight)

function used for fitting: f2(x)
	f2(x) = a2 * tanh(x/b2)
fitted parameters initialized with current variable values

iter      chisq       delta/lim  lambda   a2            b2           
   0 5.6123750325e+03   0.00e+00  1.54e+02    3.000000e+02   5.000000e-03
   5 2.4556844712e+03  -9.77e-01  1.54e-03    2.598984e+02   4.155490e-03

After 5 iterations the fit converged.
final sum of squares of residuals : 2455.68
rel. change during last iteration : -9.76557e-06

degrees of freedom    (FIT_NDF)                        : 8
rms of residuals      (FIT_STDFIT) = sqrt(WSSR/ndf)    : 17.5203
variance of residuals (reduced chisquare) = WSSR/ndf   : 306.961

Final set of parameters            Asymptotic Standard Error
=======================            ==========================
a2              = 259.898          +/- 12.82        (4.933%)
b2              = 0.00415549       +/- 0.0004297    (10.34%)

correlation matrix of the fit parameters:
                a2     b2     
a2              1.000 
b2              0.783  1.000 


*******************************************************************************
Wed Feb 15 23:58:37 2017


FIT:    data read from 'force.dat' using 1:2
        format = x:z
        #datapoints = 10
        residuals are weighted equally (unit weight)

function used for fitting: f1(x)
	f1(x) = a1*tanh(x/b1)
fitted parameters initialized with current variable values

iter      chisq       delta/lim  lambda   a1            b1           
   0 6.7433924422e+04   0.00e+00  1.54e+02    3.000000e+02   5.000000e-03
   6 3.0247481447e+03  -2.72e-01  1.54e-04    3.086791e+02   2.266401e-03

After 6 iterations the fit converged.
final sum of squares of residuals : 3024.75
rel. change during last iteration : -2.71911e-06

degrees of freedom    (FIT_NDF)                        : 8
rms of residuals      (FIT_STDFIT) = sqrt(WSSR/ndf)    : 19.4446
variance of residuals (reduced chisquare) = WSSR/ndf   : 378.094

Final set of parameters            Asymptotic Standard Error
=======================            ==========================
a1              = 308.679          +/- 10.62        (3.441%)
b1              = 0.0022664        +/- 0.0002619    (11.55%)

correlation matrix of the fit parameters:
                a1     b1     
a1              1.000 
b1              0.719  1.000 


*******************************************************************************
Wed Feb 15 23:58:37 2017


FIT:    data read from 'force.dat' using 1:3
        format = x:z
        #datapoints = 10
        residuals are weighted equally (unit weight)

function used for fitting: f2(x)
	f2(x) = a2 * tanh(x/b2)
fitted parameters initialized with current variable values

iter      chisq       delta/lim  lambda   a2            b2           
   0 5.6123750325e+03   0.00e+00  1.54e+02    3.000000e+02   5.000000e-03
   5 2.4556844712e+03  -9.77e-01  1.54e-03    2.598984e+02   4.155490e-03

After 5 iterations the fit converged.
final sum of squares of residuals : 2455.68
rel. change during last iteration : -9.76557e-06

degrees of freedom    (FIT_NDF)                        : 8
rms of residuals      (FIT_STDFIT) = sqrt(WSSR/ndf)    : 17.5203
variance of residuals (reduced chisquare) = WSSR/ndf   : 306.961

Final set of parameters            Asymptotic Standard Error
=======================            ==========================
a2              = 259.898          +/- 12.82        (4.933%)
b2              = 0.00415549       +/- 0.0004297    (10.34%)

correlation matrix of the fit parameters:
                a2     b2     
a2              1.000 
b2              0.783  1.000 


*******************************************************************************
Thu Feb 16 00:00:09 2017


FIT:    data read from 'force.dat' using 1:2
        format = x:z
        #datapoints = 10
        residuals are weighted equally (unit weight)

function used for fitting: f1(x)
	f1(x) = a1*tanh(x/b1)
fitted parameters initialized with current variable values

iter      chisq       delta/lim  lambda   a1            b1           
   0 6.7433924422e+04   0.00e+00  1.54e+02    3.000000e+02   5.000000e-03
   6 3.0247481447e+03  -2.72e-01  1.54e-04    3.086791e+02   2.266401e-03

After 6 iterations the fit converged.
final sum of squares of residuals : 3024.75
rel. change during last iteration : -2.71911e-06

degrees of freedom    (FIT_NDF)                        : 8
rms of residuals      (FIT_STDFIT) = sqrt(WSSR/ndf)    : 19.4446
variance of residuals (reduced chisquare) = WSSR/ndf   : 378.094

Final set of parameters            Asymptotic Standard Error
=======================            ==========================
a1              = 308.679          +/- 10.62        (3.441%)
b1              = 0.0022664        +/- 0.0002619    (11.55%)

correlation matrix of the fit parameters:
                a1     b1     
a1              1.000 
b1              0.719  1.000 


*******************************************************************************
Thu Feb 16 00:00:09 2017


FIT:    data read from 'force.dat' using 1:3
        format = x:z
        #datapoints = 10
        residuals are weighted equally (unit weight)

function used for fitting: f2(x)
	f2(x) = a2 * tanh(x/b2)
fitted parameters initialized with current variable values

iter      chisq       delta/lim  lambda   a2            b2           
   0 5.6123750325e+03   0.00e+00  1.54e+02    3.000000e+02   5.000000e-03
   5 2.4556844712e+03  -9.77e-01  1.54e-03    2.598984e+02   4.155490e-03

After 5 iterations the fit converged.
final sum of squares of residuals : 2455.68
rel. change during last iteration : -9.76557e-06

degrees of freedom    (FIT_NDF)                        : 8
rms of residuals      (FIT_STDFIT) = sqrt(WSSR/ndf)    : 17.5203
variance of residuals (reduced chisquare) = WSSR/ndf   : 306.961

Final set of parameters            Asymptotic Standard Error
=======================            ==========================
a2              = 259.898          +/- 12.82        (4.933%)
b2              = 0.00415549       +/- 0.0004297    (10.34%)

correlation matrix of the fit parameters:
                a2     b2     
a2              1.000 
b2              0.783  1.000 


*******************************************************************************
Thu Feb 16 00:00:46 2017


FIT:    data read from 'force.dat' using 1:2
        format = x:z
        #datapoints = 10
        residuals are weighted equally (unit weight)

function used for fitting: f1(x)
	f1(x) = a1*tanh(x/b1)
fitted parameters initialized with current variable values

iter      chisq       delta/lim  lambda   a1            b1           
   0 6.7433924422e+04   0.00e+00  1.54e+02    3.000000e+02   5.000000e-03
   6 3.0247481447e+03  -2.72e-01  1.54e-04    3.086791e+02   2.266401e-03

After 6 iterations the fit converged.
final sum of squares of residuals : 3024.75
rel. change during last iteration : -2.71911e-06

degrees of freedom    (FIT_NDF)                        : 8
rms of residuals      (FIT_STDFIT) = sqrt(WSSR/ndf)    : 19.4446
variance of residuals (reduced chisquare) = WSSR/ndf   : 378.094

Final set of parameters            Asymptotic Standard Error
=======================            ==========================
a1              = 308.679          +/- 10.62        (3.441%)
b1              = 0.0022664        +/- 0.0002619    (11.55%)

correlation matrix of the fit parameters:
                a1     b1     
a1              1.000 
b1              0.719  1.000 


*******************************************************************************
Thu Feb 16 00:00:46 2017


FIT:    data read from 'force.dat' using 1:3
        format = x:z
        #datapoints = 10
        residuals are weighted equally (unit weight)

function used for fitting: f2(x)
	f2(x) = a2 * tanh(x/b2)
fitted parameters initialized with current variable values

iter      chisq       delta/lim  lambda   a2            b2           
   0 5.6123750325e+03   0.00e+00  1.54e+02    3.000000e+02   5.000000e-03
   5 2.4556844712e+03  -9.77e-01  1.54e-03    2.598984e+02   4.155490e-03

After 5 iterations the fit converged.
final sum of squares of residuals : 2455.68
rel. change during last iteration : -9.76557e-06

degrees of freedom    (FIT_NDF)                        : 8
rms of residuals      (FIT_STDFIT) = sqrt(WSSR/ndf)    : 17.5203
variance of residuals (reduced chisquare) = WSSR/ndf   : 306.961

Final set of parameters            Asymptotic Standard Error
=======================            ==========================
a2              = 259.898          +/- 12.82        (4.933%)
b2              = 0.00415549       +/- 0.0004297    (10.34%)

correlation matrix of the fit parameters:
                a2     b2     
a2              1.000 
b2              0.783  1.000 


*******************************************************************************
Thu Feb 16 00:01:11 2017


FIT:    data read from 'force.dat' using 1:2
        format = x:z
        #datapoints = 10
        residuals are weighted equally (unit weight)

function used for fitting: f1(x)
	f1(x) = a1*tanh(x/b1)
fitted parameters initialized with current variable values

iter      chisq       delta/lim  lambda   a1            b1           
   0 6.7433924422e+04   0.00e+00  1.54e+02    3.000000e+02   5.000000e-03
   6 3.0247481447e+03  -2.72e-01  1.54e-04    3.086791e+02   2.266401e-03

After 6 iterations the fit converged.
final sum of squares of residuals : 3024.75
rel. change during last iteration : -2.71911e-06

degrees of freedom    (FIT_NDF)                        : 8
rms of residuals      (FIT_STDFIT) = sqrt(WSSR/ndf)    : 19.4446
variance of residuals (reduced chisquare) = WSSR/ndf   : 378.094

Final set of parameters            Asymptotic Standard Error
=======================            ==========================
a1              = 308.679          +/- 10.62        (3.441%)
b1              = 0.0022664        +/- 0.0002619    (11.55%)

correlation matrix of the fit parameters:
                a1     b1     
a1              1.000 
b1              0.719  1.000 


*******************************************************************************
Thu Feb 16 00:01:11 2017


FIT:    data read from 'force.dat' using 1:3
        format = x:z
        #datapoints = 10
        residuals are weighted equally (unit weight)

function used for fitting: f2(x)
	f2(x) = a2 * tanh(x/b2)
fitted parameters initialized with current variable values

iter      chisq       delta/lim  lambda   a2            b2           
   0 5.6123750325e+03   0.00e+00  1.54e+02    3.000000e+02   5.000000e-03
   5 2.4556844712e+03  -9.77e-01  1.54e-03    2.598984e+02   4.155490e-03

After 5 iterations the fit converged.
final sum of squares of residuals : 2455.68
rel. change during last iteration : -9.76557e-06

degrees of freedom    (FIT_NDF)                        : 8
rms of residuals      (FIT_STDFIT) = sqrt(WSSR/ndf)    : 17.5203
variance of residuals (reduced chisquare) = WSSR/ndf   : 306.961

Final set of parameters            Asymptotic Standard Error
=======================            ==========================
a2              = 259.898          +/- 12.82        (4.933%)
b2              = 0.00415549       +/- 0.0004297    (10.34%)

correlation matrix of the fit parameters:
                a2     b2     
a2              1.000 
b2              0.783  1.000 


*******************************************************************************
Thu Feb 16 00:01:37 2017


FIT:    data read from 'force.dat' using 1:2
        format = x:z
        #datapoints = 10
        residuals are weighted equally (unit weight)

function used for fitting: f1(x)
	f1(x) = a1*tanh(x/b1)
fitted parameters initialized with current variable values

iter      chisq       delta/lim  lambda   a1            b1           
   0 6.7433924422e+04   0.00e+00  1.54e+02    3.000000e+02   5.000000e-03
   6 3.0247481447e+03  -2.72e-01  1.54e-04    3.086791e+02   2.266401e-03

After 6 iterations the fit converged.
final sum of squares of residuals : 3024.75
rel. change during last iteration : -2.71911e-06

degrees of freedom    (FIT_NDF)                        : 8
rms of residuals      (FIT_STDFIT) = sqrt(WSSR/ndf)    : 19.4446
variance of residuals (reduced chisquare) = WSSR/ndf   : 378.094

Final set of parameters            Asymptotic Standard Error
=======================            ==========================
a1              = 308.679          +/- 10.62        (3.441%)
b1              = 0.0022664        +/- 0.0002619    (11.55%)

correlation matrix of the fit parameters:
                a1     b1     
a1              1.000 
b1              0.719  1.000 


*******************************************************************************
Thu Feb 16 00:01:37 2017


FIT:    data read from 'force.dat' using 1:3
        format = x:z
        #datapoints = 10
        residuals are weighted equally (unit weight)

function used for fitting: f2(x)
	f2(x) = a2 * tanh(x/b2)
fitted parameters initialized with current variable values

iter      chisq       delta/lim  lambda   a2            b2           
   0 5.6123750325e+03   0.00e+00  1.54e+02    3.000000e+02   5.000000e-03
   5 2.4556844712e+03  -9.77e-01  1.54e-03    2.598984e+02   4.155490e-03

After 5 iterations the fit converged.
final sum of squares of residuals : 2455.68
rel. change during last iteration : -9.76557e-06

degrees of freedom    (FIT_NDF)                        : 8
rms of residuals      (FIT_STDFIT) = sqrt(WSSR/ndf)    : 17.5203
variance of residuals (reduced chisquare) = WSSR/ndf   : 306.961

Final set of parameters            Asymptotic Standard Error
=======================            ==========================
a2              = 259.898          +/- 12.82        (4.933%)
b2              = 0.00415549       +/- 0.0004297    (10.34%)

correlation matrix of the fit parameters:
                a2     b2     
a2              1.000 
b2              0.783  1.000 


*******************************************************************************
Thu Feb 16 00:02:09 2017


FIT:    data read from 'force.dat' using 1:2
        format = x:z
        #datapoints = 10
        residuals are weighted equally (unit weight)

function used for fitting: f1(x)
	f1(x) = a1*tanh(x/b1)
fitted parameters initialized with current variable values

iter      chisq       delta/lim  lambda   a1            b1           
   0 6.7433924422e+04   0.00e+00  1.54e+02    3.000000e+02   5.000000e-03
   6 3.0247481447e+03  -2.72e-01  1.54e-04    3.086791e+02   2.266401e-03

After 6 iterations the fit converged.
final sum of squares of residuals : 3024.75
rel. change during last iteration : -2.71911e-06

degrees of freedom    (FIT_NDF)                        : 8
rms of residuals      (FIT_STDFIT) = sqrt(WSSR/ndf)    : 19.4446
variance of residuals (reduced chisquare) = WSSR/ndf   : 378.094

Final set of parameters            Asymptotic Standard Error
=======================            ==========================
a1              = 308.679          +/- 10.62        (3.441%)
b1              = 0.0022664        +/- 0.0002619    (11.55%)

correlation matrix of the fit parameters:
                a1     b1     
a1              1.000 
b1              0.719  1.000 


*******************************************************************************
Thu Feb 16 00:02:09 2017


FIT:    data read from 'force.dat' using 1:3
        format = x:z
        #datapoints = 10
        residuals are weighted equally (unit weight)

function used for fitting: f2(x)
	f2(x) = a2 * tanh(x/b2)
fitted parameters initialized with current variable values

iter      chisq       delta/lim  lambda   a2            b2           
   0 5.6123750325e+03   0.00e+00  1.54e+02    3.000000e+02   5.000000e-03
   5 2.4556844712e+03  -9.77e-01  1.54e-03    2.598984e+02   4.155490e-03

After 5 iterations the fit converged.
final sum of squares of residuals : 2455.68
rel. change during last iteration : -9.76557e-06

degrees of freedom    (FIT_NDF)                        : 8
rms of residuals      (FIT_STDFIT) = sqrt(WSSR/ndf)    : 17.5203
variance of residuals (reduced chisquare) = WSSR/ndf   : 306.961

Final set of parameters            Asymptotic Standard Error
=======================            ==========================
a2              = 259.898          +/- 12.82        (4.933%)
b2              = 0.00415549       +/- 0.0004297    (10.34%)

correlation matrix of the fit parameters:
                a2     b2     
a2              1.000 
b2              0.783  1.000 


*******************************************************************************
Thu Feb 16 00:02:50 2017


FIT:    data read from 'force.dat' using 1:2
        format = x:z
        #datapoints = 10
        residuals are weighted equally (unit weight)

function used for fitting: f1(x)
	f1(x) = a1*tanh(x/b1)
fitted parameters initialized with current variable values

iter      chisq       delta/lim  lambda   a1            b1           
   0 6.7433924422e+04   0.00e+00  1.54e+02    3.000000e+02   5.000000e-03
   6 3.0247481447e+03  -2.72e-01  1.54e-04    3.086791e+02   2.266401e-03

After 6 iterations the fit converged.
final sum of squares of residuals : 3024.75
rel. change during last iteration : -2.71911e-06

degrees of freedom    (FIT_NDF)                        : 8
rms of residuals      (FIT_STDFIT) = sqrt(WSSR/ndf)    : 19.4446
variance of residuals (reduced chisquare) = WSSR/ndf   : 378.094

Final set of parameters            Asymptotic Standard Error
=======================            ==========================
a1              = 308.679          +/- 10.62        (3.441%)
b1              = 0.0022664        +/- 0.0002619    (11.55%)

correlation matrix of the fit parameters:
                a1     b1     
a1              1.000 
b1              0.719  1.000 


*******************************************************************************
Thu Feb 16 00:02:50 2017


FIT:    data read from 'force.dat' using 1:3
        format = x:z
        #datapoints = 10
        residuals are weighted equally (unit weight)

function used for fitting: f2(x)
	f2(x) = a2 * tanh(x/b2)
fitted parameters initialized with current variable values

iter      chisq       delta/lim  lambda   a2            b2           
   0 5.6123750325e+03   0.00e+00  1.54e+02    3.000000e+02   5.000000e-03
   5 2.4556844712e+03  -9.77e-01  1.54e-03    2.598984e+02   4.155490e-03

After 5 iterations the fit converged.
final sum of squares of residuals : 2455.68
rel. change during last iteration : -9.76557e-06

degrees of freedom    (FIT_NDF)                        : 8
rms of residuals      (FIT_STDFIT) = sqrt(WSSR/ndf)    : 17.5203
variance of residuals (reduced chisquare) = WSSR/ndf   : 306.961

Final set of parameters            Asymptotic Standard Error
=======================            ==========================
a2              = 259.898          +/- 12.82        (4.933%)
b2              = 0.00415549       +/- 0.0004297    (10.34%)

correlation matrix of the fit parameters:
                a2     b2     
a2              1.000 
b2              0.783  1.000 


*******************************************************************************
Thu Feb 16 00:04:57 2017


FIT:    data read from 'force.dat' using 1:2
        format = x:z
        #datapoints = 10
        residuals are weighted equally (unit weight)

function used for fitting: f1(x)
	f1(x) = a1*tanh(x/b1)
fitted parameters initialized with current variable values

iter      chisq       delta/lim  lambda   a1            b1           
   0 6.7433924422e+04   0.00e+00  1.54e+02    3.000000e+02   5.000000e-03
   6 3.0247481447e+03  -2.72e-01  1.54e-04    3.086791e+02   2.266401e-03

After 6 iterations the fit converged.
final sum of squares of residuals : 3024.75
rel. change during last iteration : -2.71911e-06

degrees of freedom    (FIT_NDF)                        : 8
rms of residuals      (FIT_STDFIT) = sqrt(WSSR/ndf)    : 19.4446
variance of residuals (reduced chisquare) = WSSR/ndf   : 378.094

Final set of parameters            Asymptotic Standard Error
=======================            ==========================
a1              = 308.679          +/- 10.62        (3.441%)
b1              = 0.0022664        +/- 0.0002619    (11.55%)

correlation matrix of the fit parameters:
                a1     b1     
a1              1.000 
b1              0.719  1.000 


*******************************************************************************
Thu Feb 16 00:04:57 2017


FIT:    data read from 'force.dat' using 1:3
        format = x:z
        #datapoints = 10
        residuals are weighted equally (unit weight)

function used for fitting: f2(x)
	f2(x) = a2 * tanh(x/b2)
fitted parameters initialized with current variable values

iter      chisq       delta/lim  lambda   a2            b2           
   0 5.6123750325e+03   0.00e+00  1.54e+02    3.000000e+02   5.000000e-03
   5 2.4556844712e+03  -9.77e-01  1.54e-03    2.598984e+02   4.155490e-03

After 5 iterations the fit converged.
final sum of squares of residuals : 2455.68
rel. change during last iteration : -9.76557e-06

degrees of freedom    (FIT_NDF)                        : 8
rms of residuals      (FIT_STDFIT) = sqrt(WSSR/ndf)    : 17.5203
variance of residuals (reduced chisquare) = WSSR/ndf   : 306.961

Final set of parameters            Asymptotic Standard Error
=======================            ==========================
a2              = 259.898          +/- 12.82        (4.933%)
b2              = 0.00415549       +/- 0.0004297    (10.34%)

correlation matrix of the fit parameters:
                a2     b2     
a2              1.000 
b2              0.783  1.000 


*******************************************************************************
Thu Feb 16 00:07:16 2017


FIT:    data read from 'force.dat' using 1:2
        format = x:z
        #datapoints = 10
        residuals are weighted equally (unit weight)

function used for fitting: f1(x)
	f1(x) = a1*tanh(x/b1)
fitted parameters initialized with current variable values

iter      chisq       delta/lim  lambda   a1            b1           
   0 6.7433924422e+04   0.00e+00  1.54e+02    3.000000e+02   5.000000e-03
   6 3.0247481447e+03  -2.72e-01  1.54e-04    3.086791e+02   2.266401e-03

After 6 iterations the fit converged.
final sum of squares of residuals : 3024.75
rel. change during last iteration : -2.71911e-06

degrees of freedom    (FIT_NDF)                        : 8
rms of residuals      (FIT_STDFIT) = sqrt(WSSR/ndf)    : 19.4446
variance of residuals (reduced chisquare) = WSSR/ndf   : 378.094

Final set of parameters            Asymptotic Standard Error
=======================            ==========================
a1              = 308.679          +/- 10.62        (3.441%)
b1              = 0.0022664        +/- 0.0002619    (11.55%)

correlation matrix of the fit parameters:
                a1     b1     
a1              1.000 
b1              0.719  1.000 


*******************************************************************************
Thu Feb 16 00:07:16 2017


FIT:    data read from 'force.dat' using 1:3
        format = x:z
        #datapoints = 10
        residuals are weighted equally (unit weight)

function used for fitting: f2(x)
	f2(x) = a2 * tanh(x/b2)
fitted parameters initialized with current variable values

iter      chisq       delta/lim  lambda   a2            b2           
   0 5.6123750325e+03   0.00e+00  1.54e+02    3.000000e+02   5.000000e-03
   5 2.4556844712e+03  -9.77e-01  1.54e-03    2.598984e+02   4.155490e-03

After 5 iterations the fit converged.
final sum of squares of residuals : 2455.68
rel. change during last iteration : -9.76557e-06

degrees of freedom    (FIT_NDF)                        : 8
rms of residuals      (FIT_STDFIT) = sqrt(WSSR/ndf)    : 17.5203
variance of residuals (reduced chisquare) = WSSR/ndf   : 306.961

Final set of parameters            Asymptotic Standard Error
=======================            ==========================
a2              = 259.898          +/- 12.82        (4.933%)
b2              = 0.00415549       +/- 0.0004297    (10.34%)

correlation matrix of the fit parameters:
                a2     b2     
a2              1.000 
b2              0.783  1.000 
